# JRE version: OpenJDK Runtime Environment Microsoft-11933218 (21.0.8+9) (build 21.0.8+9-LTS)
# Java VM: OpenJDK 64-Bit Server VM Microsoft-11933218 (21.0.8+9-LTS, mixed mode, emulated-client, sharing, tiered, compressed oops, compressed class ptrs, g1 gc, windows-amd64)
GC Precious Log:
 CardTable entry size: 512
 Card Set container configuration: InlinePtr #cards 4 size 8 Array Of Cards #cards 16 size 48 Howl #buckets 8 coarsen threshold 3686 Howl Bitmap #cards 512 size 80 coarsen threshold 460 Card regions per heap region 1 cards per card region 4096
 CPUs: 12 total, 12 available
 Memory: 16122M
 Large Page Support: Disabled
 NUMA Support: Disabled
 Compressed Oops: Enabled (Zero based)
 Heap Region Size: 2M
 Heap Min Capacity: 8M
 Heap Initial Capacity: 252M
 Heap Max Capacity: 4032M
 Pre-touch: Disabled
 Parallel Workers: 10
 Concurrent Workers: 3
 Concurrent Refinement Workers: 10
 Periodic GC: Disabled
Heap:
 garbage-first heap   total 75776K, used 44190K [0x0000000704000000, 0x0000000800000000)
  region size 2048K, 12 young (24576K), 3 survivors (6144K)
 Metaspace       used 32397K, committed 32896K, reserved 1114112K
  class space    used 4506K, committed 4736K, reserved 1048576K
GC Heap History (14 events):
Event: 0.490 GC heap before
{Heap before GC invocations=0 (full 0):
 garbage-first heap   total 258048K, used 22528K [0x0000000704000000, 0x0000000800000000)
  region size 2048K, 11 young (22528K), 0 survivors (0K)
 Metaspace       used 4190K, committed 4416K, reserved 1114112K
  class space    used 499K, committed 640K, reserved 1048576K
}
Event: 0.494 GC heap after
{Heap after GC invocations=1 (full 0):
 garbage-first heap   total 258048K, used 9412K [0x0000000704000000, 0x0000000800000000)
  region size 2048K, 2 young (4096K), 2 survivors (4096K)
 Metaspace       used 4190K, committed 4416K, reserved 1114112K
  class space    used 499K, committed 640K, reserved 1048576K
}
Event: 0.717 GC heap before
{Heap before GC invocations=1 (full 0):
 garbage-first heap   total 258048K, used 27844K [0x0000000704000000, 0x0000000800000000)
  region size 2048K, 12 young (24576K), 2 survivors (4096K)
 Metaspace       used 7587K, committed 7872K, reserved 1114112K
  class space    used 900K, committed 1024K, reserved 1048576K
}
Event: 0.721 GC heap after
{Heap after GC invocations=2 (full 0):
 garbage-first heap   total 258048K, used 17943K [0x0000000704000000, 0x0000000800000000)
  region size 2048K, 2 young (4096K), 2 survivors (4096K)
 Metaspace       used 7587K, committed 7872K, reserved 1114112K
  class space    used 900K, committed 1024K, reserved 1048576K
}
Event: 1.343 GC heap before
{Heap before GC invocations=2 (full 0):
 garbage-first heap   total 258048K, used 67095K [0x0000000704000000, 0x0000000800000000)
  region size 2048K, 27 young (55296K), 2 survivors (4096K)
 Metaspace       used 16445K, committed 16896K, reserved 1114112K
  class space    used 2112K, committed 2304K, reserved 1048576K
}
Event: 1.347 GC heap after
{Heap after GC invocations=3 (full 0):
 garbage-first heap   total 258048K, used 20079K [0x0000000704000000, 0x0000000800000000)
  region size 2048K, 4 young (8192K), 4 survivors (8192K)
 Metaspace       used 16445K, committed 16896K, reserved 1114112K
  class space    used 2112K, committed 2304K, reserved 1048576K
}
Event: 2.596 GC heap before
{Heap before GC invocations=3 (full 0):
 garbage-first heap   total 258048K, used 38511K [0x0000000704000000, 0x0000000800000000)
  region size 2048K, 14 young (28672K), 4 survivors (8192K)
 Metaspace       used 21059K, committed 21504K, reserved 1114112K
  class space    used 2710K, committed 2944K, reserved 1048576K
}
Event: 2.600 GC heap after
{Heap after GC invocations=4 (full 0):
 garbage-first heap   total 258048K, used 21506K [0x0000000704000000, 0x0000000800000000)
  region size 2048K, 4 young (8192K), 4 survivors (8192K)
 Metaspace       used 21059K, committed 21504K, reserved 1114112K
  class space    used 2710K, committed 2944K, reserved 1048576K
}
Event: 5.093 GC heap before
{Heap before GC invocations=5 (full 0):
 garbage-first heap   total 75776K, used 56322K [0x0000000704000000, 0x0000000800000000)
  region size 2048K, 22 young (45056K), 4 survivors (8192K)
 Metaspace       used 26577K, committed 27072K, reserved 1114112K
  class space    used 3509K, committed 3776K, reserved 1048576K
}
Event: 5.097 GC heap after
{Heap after GC invocations=6 (full 0):
 garbage-first heap   total 75776K, used 24828K [0x0000000704000000, 0x0000000800000000)
  region size 2048K, 3 young (6144K), 3 survivors (6144K)
 Metaspace       used 26577K, committed 27072K, reserved 1114112K
  class space    used 3509K, committed 3776K, reserved 1048576K
}
Event: 5.359 GC heap before
{Heap before GC invocations=6 (full 0):
 garbage-first heap   total 75776K, used 55548K [0x0000000704000000, 0x0000000800000000)
  region size 2048K, 18 young (36864K), 3 survivors (6144K)
 Metaspace       used 27846K, committed 28416K, reserved 1114112K
  class space    used 3717K, committed 3968K, reserved 1048576K
}
Event: 5.363 GC heap after
{Heap after GC invocations=7 (full 0):
 garbage-first heap   total 75776K, used 25955K [0x0000000704000000, 0x0000000800000000)
  region size 2048K, 2 young (4096K), 2 survivors (4096K)
 Metaspace       used 27846K, committed 28416K, reserved 1114112K
  class space    used 3717K, committed 3968K, reserved 1048576K
}
Event: 5.646 GC heap before
{Heap before GC invocations=7 (full 0):
 garbage-first heap   total 75776K, used 56675K [0x0000000704000000, 0x0000000800000000)
  region size 2048K, 17 young (34816K), 2 survivors (4096K)
 Metaspace       used 30180K, committed 30784K, reserved 1114112K
  class space    used 4079K, committed 4352K, reserved 1048576K
}
Event: 5.648 GC heap after
{Heap after GC invocations=8 (full 0):
 garbage-first heap   total 75776K, used 27806K [0x0000000704000000, 0x0000000800000000)
  region size 2048K, 3 young (6144K), 3 survivors (6144K)
 Metaspace       used 30180K, committed 30784K, reserved 1114112K
  class space    used 4079K, committed 4352K, reserved 1048576K
}

